-42669
-42669
-41673
-41673
-42669
-41673
-41673
-41673
-42669
-41582
-41673
-42669
-41582
-41673
-42669
-42669
-42669
-42669
-41582
-41673
-41673
-41582
-42669
-42669
-41582
-41673
-41673
-41673
-42669
-42669
-42669
-41673
-41673
-42669
-41673
-41673
-41582
-41673
-42669
-42669
-41673
-41673
-41673
-42669
-42669
-42669
-42669
-42669
-41673
-41673
-41673
-41582
-41673
-42669
-42669
-42669
-42669
-41673
-41673
-41673
-42669
-42669
-42669
-41582
-42669
-41673
-41673
-41673
-41673
-41673
-42669
-42669
-42669
-42669
-41582
-42669
-42669
-42669
-42669
-41673
-41673
-41673
-42669
-41673
-41673
-42669
-41673
-41673
-41673
-41673
-42669
-41673
-42669
-41673
-42669
-41673
-42669
-42669
-42669
-41673
-41673
-41582
-41673
-41673
-41673
-41673
-42669
-42669
-42669
-42669
-41673
-42669
-41673
-41673
-42669
-41673
-42669
-41673
-41673
-41673
-41673
-41673
-42669
-42669
-41582
-41582
-41673
-41673
-41673
-41582
-42669
-42669
-41673
-41673
-41582
-42669
-41673
-42669
-42669
-42669
-42669
-42669
-41673
-41673
-42669
-41673
-41673
-41582
-41673
-41673
-42669
-41673
-41673
-41673
-42669
-42669
-41673
-41673
-41673
-41673
-41673
-42669
-42669
-42669
-42669
-42669
-42669
-42669
-41673
-41673
-42669
-41673
-41673
-41673
-41582
-41582
-41673
-42669
-42669
-41673
